<?xml version="1.0" encoding="UTF-8"?>
<!-- Generated by org.testng.reporters.JUnitReportReporter -->
<testsuite hostname="ININTDT115556" name="org.pthaks.demo.TFunc" tests="1" failures="0" timestamp="6 Jan 2017 07:05:23 GMT" time="0.008" errors="0">
  <testcase name="first" time="0.008" classname="org.pthaks.demo.TFunc"/>
</testsuite> <!-- org.pthaks.demo.TFunc -->
